<?xml version="1.0" encoding="UTF-8"?>
<!-- Generated by org.testng.reporters.JUnitXMLReporter -->
<testsuite ignored="0" hostname="LAPTOP-F61FFVH8" failures="0" tests="4" name="Default test" time="29.992" errors="0" timestamp="2026-05-15T14:44:37 IST">
  <testcase classname="tests.LoginTest" name="loginTest" time="2.72"/>
  <testcase classname="tests.ProductTest" name="verifyProductAddToCart" time="5.997"/>
  <testcase classname="tests.APITest" name="validateCreateUser" time="4.61"/>
  <testcase classname="tests.APITest" name="validateGetUsersAPI" time="3.284"/>
</testsuite> <!-- Default test -->
