<?xml version="1.0" encoding="UTF-8"?>
<!-- Generated by org.testng.reporters.JUnitXMLReporter -->
<testsuite ignored="0" hostname="LAPTOP-F61FFVH8" failures="0" tests="4" name="Automation Tests" time="22.825" errors="0" timestamp="2026-06-08T13:03:43 IST">
  <testcase classname="tests.LoginTest" name="login" time="7.463"/>
  <testcase classname="tests.SearchTest" name="searchProduct" time="4.118"/>
  <testcase classname="tests.LogoutTest" name="logout" time="6.096"/>
  <testcase classname="tests.CheckoutTest" name="checkout" time="5.102"/>
</testsuite> <!-- Automation Tests -->
