<?xml version="1.0" encoding="UTF-8"?>
<!-- Generated by org.testng.reporters.JUnitXMLReporter -->
<testsuite ignored="0" hostname="LAPTOP-F61FFVH8" failures="2" tests="4" name="AutomationTests" time="216.673" errors="0" timestamp="2026-05-22T13:57:18 IST">
  <testcase classname="tests.LoginTest" name="@AfterMethod tearDown" time="0.005">
    <failure type="java.lang.Error" message="Unresolved compilation problem: 
	The method quitDriver() is undefined for the type DriverFactory
">
      <![CDATA[java.lang.Error: Unresolved compilation problem: 
The method quitDriver() is undefined for the type DriverFactory

at tests.LoginTest.tearDown(LoginTest.java:29)
at java.base/java.util.ArrayList.forEach(ArrayList.java:1511)
at java.base/java.util.concurrent.FutureTask.run(FutureTask.java:264)
at java.base/java.util.concurrent.ThreadPoolExecutor.runWorker(ThreadPoolExecutor.java:1136)
at java.base/java.util.concurrent.ThreadPoolExecutor$Worker.run(ThreadPoolExecutor.java:635)
at java.base/java.lang.Thread.run(Thread.java:842)
... Removed 22 stack frames]]>
    </failure>
  </testcase> <!-- @AfterMethod tearDown -->
  <testcase classname="tests.ProductTest" name="@AfterMethod tearDown" time="0.005">
    <failure type="java.lang.Error" message="Unresolved compilation problem: 
	The method quitDriver() is undefined for the type DriverFactory
">
      <![CDATA[java.lang.Error: Unresolved compilation problem: 
The method quitDriver() is undefined for the type DriverFactory

at tests.ProductTest.tearDown(ProductTest.java:29)
at java.base/java.util.ArrayList.forEach(ArrayList.java:1511)
at java.base/java.util.concurrent.FutureTask.run(FutureTask.java:264)
at java.base/java.util.concurrent.ThreadPoolExecutor.runWorker(ThreadPoolExecutor.java:1136)
at java.base/java.util.concurrent.ThreadPoolExecutor$Worker.run(ThreadPoolExecutor.java:635)
at java.base/java.lang.Thread.run(Thread.java:842)
... Removed 22 stack frames]]>
    </failure>
  </testcase> <!-- @AfterMethod tearDown -->
  <testcase classname="tests.LoginTest" name="loginTest" time="0.032">
    <failure type="java.lang.Error" message="Unresolved compilation problem: 
	The method getDriver() is undefined for the type DriverFactory
">
      <![CDATA[java.lang.Error: Unresolved compilation problem: 
The method getDriver() is undefined for the type DriverFactory

at tests.LoginTest.loginTest(LoginTest.java:20)
at java.base/java.util.ArrayList.forEach(ArrayList.java:1511)
at java.base/java.util.concurrent.FutureTask.run(FutureTask.java:264)
at java.base/java.util.concurrent.ThreadPoolExecutor.runWorker(ThreadPoolExecutor.java:1136)
at java.base/java.util.concurrent.ThreadPoolExecutor$Worker.run(ThreadPoolExecutor.java:635)
at java.base/java.lang.Thread.run(Thread.java:842)
... Removed 17 stack frames]]>
    </failure>
  </testcase> <!-- loginTest -->
  <testcase classname="tests.ProductTest" name="productTest" time="0.044">
    <failure type="java.lang.Error" message="Unresolved compilation problem: 
	The method getDriver() is undefined for the type DriverFactory
">
      <![CDATA[java.lang.Error: Unresolved compilation problem: 
The method getDriver() is undefined for the type DriverFactory

at tests.ProductTest.productTest(ProductTest.java:20)
at java.base/java.util.ArrayList.forEach(ArrayList.java:1511)
at java.base/java.util.concurrent.FutureTask.run(FutureTask.java:264)
at java.base/java.util.concurrent.ThreadPoolExecutor.runWorker(ThreadPoolExecutor.java:1136)
at java.base/java.util.concurrent.ThreadPoolExecutor$Worker.run(ThreadPoolExecutor.java:635)
at java.base/java.lang.Thread.run(Thread.java:842)
... Removed 17 stack frames]]>
    </failure>
  </testcase> <!-- productTest -->
  <testcase classname="tests.APITest" name="validateCreateUser" time="12.649"/>
  <testcase classname="tests.APITest" name="validateGetUsersAPI" time="0.611"/>
</testsuite> <!-- AutomationTests -->
