<?xml version="1.0" encoding="UTF-8"?>
<testng-results ignored="0" total="2" passed="2" failed="0" skipped="0">
  <reporter-output>
  </reporter-output>
  <suite started-at="2026-05-27T21:24:28 IST" name="Enterprise Suite" finished-at="2026-05-27T21:24:33 IST" duration-ms="4996">
    <groups>
    </groups>
    <test started-at="2026-05-27T21:24:28 IST" name="API Tests" finished-at="2026-05-27T21:24:32 IST" duration-ms="4269">
      <class name="api_tests.ApiTest">
        <test-method signature="validateProductsAPI()[pri:0, instance:api_tests.ApiTest@4fb61f4a]" started-at="2026-05-27T21:24:28 IST" name="validateProductsAPI" finished-at="2026-05-27T21:24:32 IST" duration-ms="4207" status="PASS">
          <reporter-output>
          </reporter-output>
        </test-method> <!-- validateProductsAPI -->
      </class> <!-- api_tests.ApiTest -->
    </test> <!-- API Tests -->
    <test started-at="2026-05-27T21:24:32 IST" name="Database Tests" finished-at="2026-05-27T21:24:33 IST" duration-ms="696">
      <class name="db_tests.DatabaseTest">
        <test-method signature="validateDatabase()[pri:0, instance:db_tests.DatabaseTest@689604d9]" started-at="2026-05-27T21:24:32 IST" name="validateDatabase" finished-at="2026-05-27T21:24:33 IST" duration-ms="696" status="PASS">
          <reporter-output>
          </reporter-output>
        </test-method> <!-- validateDatabase -->
      </class> <!-- db_tests.DatabaseTest -->
    </test> <!-- Database Tests -->
  </suite> <!-- Enterprise Suite -->
</testng-results>
