<?xml version="1.0" encoding="UTF-8"?>
<!-- Generated by org.testng.reporters.JUnitXMLReporter -->
<testsuite ignored="0" hostname="LAPTOP-F61FFVH8" failures="0" tests="4" name="Functional Tests" time="33.802" errors="0" timestamp="2026-06-08T18:07:26 IST">
  <testcase classname="tests.LoginTest" name="login" time="8.227"/>
  <testcase classname="tests.SearchTest" name="searchProduct" time="7.3"/>
  <testcase classname="tests.LogoutTest" name="logout" time="9.534"/>
  <testcase classname="tests.CheckoutTest" name="checkout" time="8.642"/>
</testsuite> <!-- Functional Tests -->
