<?xml version="1.0" encoding="UTF-8"?>
<testng-results ignored="0" total="4" passed="4" failed="0" skipped="0">
  <reporter-output>
  </reporter-output>
  <suite started-at="2026-05-15T14:44:07 IST" name="Default suite" finished-at="2026-05-15T14:44:37 IST" duration-ms="29992">
    <groups>
    </groups>
    <test started-at="2026-05-15T14:44:07 IST" name="Default test" finished-at="2026-05-15T14:44:37 IST" duration-ms="29992">
      <class name="tests.LoginTest">
        <test-method is-config="true" signature="setup()[pri:0, instance:tests.LoginTest@49438269]" started-at="2026-05-15T14:44:07 IST" name="setup" finished-at="2026-05-15T14:44:14 IST" duration-ms="6717" status="PASS">
          <reporter-output>
          </reporter-output>
        </test-method> <!-- setup -->
        <test-method signature="loginTest()[pri:0, instance:tests.LoginTest@49438269]" started-at="2026-05-15T14:44:14 IST" name="loginTest" finished-at="2026-05-15T14:44:17 IST" duration-ms="2720" status="PASS">
          <reporter-output>
          </reporter-output>
        </test-method> <!-- loginTest -->
        <test-method is-config="true" signature="tearDown()[pri:0, instance:tests.LoginTest@49438269]" started-at="2026-05-15T14:44:17 IST" name="tearDown" finished-at="2026-05-15T14:44:18 IST" duration-ms="610" status="PASS">
          <reporter-output>
          </reporter-output>
        </test-method> <!-- tearDown -->
      </class> <!-- tests.LoginTest -->
      <class name="tests.ProductTest">
        <test-method is-config="true" signature="setup()[pri:0, instance:tests.ProductTest@2de23121]" started-at="2026-05-15T14:44:18 IST" name="setup" finished-at="2026-05-15T14:44:23 IST" duration-ms="5348" status="PASS">
          <reporter-output>
          </reporter-output>
        </test-method> <!-- setup -->
        <test-method signature="verifyProductAddToCart()[pri:0, instance:tests.ProductTest@2de23121]" started-at="2026-05-15T14:44:23 IST" name="verifyProductAddToCart" finished-at="2026-05-15T14:44:29 IST" duration-ms="5997" status="PASS">
          <reporter-output>
          </reporter-output>
        </test-method> <!-- verifyProductAddToCart -->
        <test-method is-config="true" signature="tearDown()[pri:0, instance:tests.ProductTest@2de23121]" started-at="2026-05-15T14:44:29 IST" name="tearDown" finished-at="2026-05-15T14:44:30 IST" duration-ms="622" status="PASS">
          <reporter-output>
          </reporter-output>
        </test-method> <!-- tearDown -->
      </class> <!-- tests.ProductTest -->
      <class name="tests.APITest">
        <test-method signature="validateCreateUser()[pri:0, instance:tests.APITest@63475ace]" started-at="2026-05-15T14:44:30 IST" name="validateCreateUser" finished-at="2026-05-15T14:44:34 IST" duration-ms="4610" status="PASS">
          <reporter-output>
          </reporter-output>
        </test-method> <!-- validateCreateUser -->
        <test-method signature="validateGetUsersAPI()[pri:0, instance:tests.APITest@63475ace]" started-at="2026-05-15T14:44:34 IST" name="validateGetUsersAPI" finished-at="2026-05-15T14:44:37 IST" duration-ms="3284" status="PASS">
          <reporter-output>
          </reporter-output>
        </test-method> <!-- validateGetUsersAPI -->
      </class> <!-- tests.APITest -->
    </test> <!-- Default test -->
  </suite> <!-- Default suite -->
</testng-results>
