<?xml version="1.0" encoding="UTF-8"?>
<!-- Generated by org.testng.reporters.JUnitReportReporter -->
<testsuite hostname="LAPTOP-F61FFVH8" failures="0" tests="3" name="tests.CrossBrowserTest" time="2.524" errors="0" timestamp="2026-07-07T17:50:11 IST" skipped="2">
  <testcase classname="tests.CrossBrowserTest" name="testChrome" time="2.524"/>
  <testcase classname="tests.CrossBrowserTest" name="testFirefox">
    <skipped/>
  </testcase> <!-- testFirefox -->
  <testcase classname="tests.CrossBrowserTest" name="testEdge">
    <skipped/>
  </testcase> <!-- testEdge -->
</testsuite> <!-- tests.CrossBrowserTest -->
