<?xml version="1.0" encoding="UTF-8"?>
<!-- Generated by org.testng.reporters.JUnitReportReporter -->
<testsuite hostname="LAPTOP-F61FFVH8" failures="0" tests="3" name="tests.CrossBrowserTest" time="8.986" errors="0" timestamp="2026-06-26T16:52:51 IST" skipped="0">
  <testcase classname="tests.CrossBrowserTest" name="testChrome" time="2.071"/>
  <testcase classname="tests.CrossBrowserTest" name="testEdge" time="2.118"/>
  <testcase classname="tests.CrossBrowserTest" name="testFirefox" time="4.797"/>
</testsuite> <!-- tests.CrossBrowserTest -->
