<?xml version="1.0" encoding="UTF-8"?>
<!-- Generated by org.testng.reporters.JUnitXMLReporter -->
<testsuite ignored="0" hostname="LAPTOP-F61FFVH8" failures="0" tests="3" name="Chrome Test" time="22.9" errors="0" timestamp="2026-06-09T11:56:33 IST">
  <testcase classname="tests.CrossBrowserTest" name="testChrome" time="3.806"/>
  <testcase classname="tests.CrossBrowserTest" name="testEdge" time="12.866"/>
  <testcase classname="tests.CrossBrowserTest" name="testFirefox" time="6.184"/>
</testsuite> <!-- Chrome Test -->
