<?xml version="1.0" encoding="UTF-8"?>
<!-- Generated by org.testng.reporters.JUnitXMLReporter -->
<testsuite ignored="0" hostname="LAPTOP-F61FFVH8" failures="0" tests="3" name="Edge Test" time="11.761" errors="0" timestamp="2026-06-09T11:56:57 IST">
  <testcase classname="tests.CrossBrowserTest" name="testChrome" time="2.676"/>
  <testcase classname="tests.CrossBrowserTest" name="testEdge" time="2.879"/>
  <testcase classname="tests.CrossBrowserTest" name="testFirefox" time="6.2"/>
</testsuite> <!-- Edge Test -->
