<?xml version="1.0" encoding="UTF-8"?>
<!-- Generated by org.testng.reporters.JUnitXMLReporter -->
<testsuite ignored="0" hostname="LAPTOP-F61FFVH8" failures="0" tests="3" name="Firefox Test" time="12.152" errors="0" timestamp="2026-06-09T11:56:45 IST">
  <testcase classname="tests.CrossBrowserTest" name="testChrome" time="3.06"/>
  <testcase classname="tests.CrossBrowserTest" name="testEdge" time="2.708"/>
  <testcase classname="tests.CrossBrowserTest" name="testFirefox" time="6.377"/>
</testsuite> <!-- Firefox Test -->
